
=== Sat Feb 16 11:41:11 2019

Packages were changed.
Update Mode: updateDependencies

The following packages were added:
  com.unity.collab-proxy@1.2.15
The following packages were updated:
  com.unity.analytics from version 2.0.16 to 3.2.2
  com.unity.package-manager-ui from version 1.9.11 to 2.0.3
  com.unity.textmeshpro from version 1.2.4 to 1.3.0

=== Tue Aug 17 22:27:13 2021

Packages were changed.
Update Mode: updateDependencies

The following packages were added:
  com.unity.2d.sprite@1.0.0
  com.unity.2d.tilemap@1.0.0
  com.unity.ide.rider@1.2.1
  com.unity.ide.visualstudio@2.0.9
  com.unity.ide.vscode@1.2.3
  com.unity.modules.androidjni@1.0.0
  com.unity.multiplayer-hlapi@1.0.8
  com.unity.test-framework@1.1.27
  com.unity.timeline@1.2.18
  com.unity.ugui@1.0.0
  com.unity.xr.legacyinputhelpers@2.1.7
The following packages were updated:
  com.unity.ads from version 2.0.8 to 3.7.1
  com.unity.analytics from version 3.2.2 to 3.3.5
  com.unity.collab-proxy from version 1.2.15 to 1.6.0
  com.unity.postprocessing from version 2.1.3 to 2.2.2
  com.unity.purchasing from version 2.0.3 to 3.2.2
  com.unity.textmeshpro from version 1.3.0 to 2.1.4
The following packages were removed:
  com.unity.package-manager-ui@2.0.3

=== Tue Aug 17 22:38:06 2021

Packages were changed.
Update Mode: updateDependencies

The following packages were updated:
  com.unity.analytics from version 3.3.5 to 3.5.3
  com.unity.collab-proxy from version 1.6.0 to 1.7.1
  com.unity.ide.rider from version 1.2.1 to 3.0.7
  com.unity.postprocessing from version 2.2.2 to 3.1.1
  com.unity.textmeshpro from version 2.1.4 to 3.0.6
  com.unity.timeline from version 1.2.18 to 1.5.6

=== Thu May 25 05:56:09 2023

Packages were changed.
Update Mode: updateDependencies

The following packages were updated:
  com.unity.adaptiveperformance from version 2.2.1 to 4.0.1
  com.unity.adaptiveperformance.samsung.android from version 2.2.1 to 4.0.2
  com.unity.ads from version 3.7.1 to 3.7.5
  com.unity.analytics from version 3.5.3 to 3.6.12
  com.unity.collab-proxy from version 1.7.1 to 2.0.0
  com.unity.ide.rider from version 3.0.7 to 3.0.18
  com.unity.ide.visualstudio from version 2.0.9 to 2.0.17
  com.unity.ide.vscode from version 1.2.3 to 1.2.5
  com.unity.postprocessing from version 3.1.1 to 3.2.2
  com.unity.purchasing from version 3.2.2 to 4.5.2
  com.unity.test-framework from version 1.1.27 to 1.1.31
  com.unity.timeline from version 1.5.6 to 1.6.4
  com.unity.xr.legacyinputhelpers from version 2.1.7 to 2.1.10
The following packages were removed:
  com.unity.multiplayer-hlapi@1.0.8
