Using pre-set license
Built from '2021.1/release' branch; Version is '2021.1.16f1 (5fa502fca597) revision 6268162'; Using compiler version '192528614'; Build Type 'Release'
OS: 'Windows 10 Pro; OS build 18363.1556; Version 1909; 64bit' Language: 'en' Physical Memory: 24534 MB
BatchMode: 1, IsHumanControllingUs: 0, StartBugReporterOnCrash: 0, Is64bit: 1, IsPro: 0

 COMMAND LINE ARGUMENTS:
C:\Program Files\Unity\Hub\Editor\2021.1.16f1\Editor\Unity.exe
-adb2
-batchMode
-noUpm
-name
AssetImportWorker1
-projectPath
C:/FILES/Programming/GithubDesktopRoot/Unity3dIntegration/IntegrationExample_RedRunner
-logFile
Logs/AssetImportWorker1.log
-srvPort
61483
Successfully changed project path to: C:/FILES/Programming/GithubDesktopRoot/Unity3dIntegration/IntegrationExample_RedRunner
C:/FILES/Programming/GithubDesktopRoot/Unity3dIntegration/IntegrationExample_RedRunner
Using Asset Import Pipeline V2.
Refreshing native plugins compatible for Editor in 52.53 ms, found 2 plugins.
Preloading 0 native plugins for Editor in 0.00 ms.
Initialize engine version: 2021.1.16f1 (5fa502fca597)
[Subsystems] Discovering subsystems at path C:/Program Files/Unity/Hub/Editor/2021.1.16f1/Editor/Data/Resources/UnitySubsystems
[Subsystems] Discovering subsystems at path C:/FILES/Programming/GithubDesktopRoot/Unity3dIntegration/IntegrationExample_RedRunner/Assets
GfxDevice: creating device client; threaded=0; jobified=0
Direct3D:
    Version:  Direct3D 11.0 [level 11.1]
    Renderer: NVIDIA GeForce GTX 1080 (ID=0x1b80)
    Vendor:   NVIDIA
    VRAM:     8079 MB
    Driver:   30.0.14.7111
Initialize mono
Mono path[0] = 'C:/Program Files/Unity/Hub/Editor/2021.1.16f1/Editor/Data/Managed'
Mono path[1] = 'C:/Program Files/Unity/Hub/Editor/2021.1.16f1/Editor/Data/MonoBleedingEdge/lib/mono/unityjit'
Mono config path = 'C:/Program Files/Unity/Hub/Editor/2021.1.16f1/Editor/Data/MonoBleedingEdge/etc'
Using monoOptions --debugger-agent=transport=dt_socket,embedding=1,server=y,suspend=n,address=127.0.0.1:56100
Begin MonoManager ReloadAssembly
Registering precompiled unity dll's ...
Register platform support module: C:/Program Files/Unity/Hub/Editor/2021.1.16f1/Editor/Data/PlaybackEngines/WebGLSupport/UnityEditor.WebGL.Extensions.dll
Register platform support module: C:/Program Files/Unity/Hub/Editor/2021.1.16f1/Editor/Data/PlaybackEngines/WindowsStandaloneSupport/UnityEditor.WindowsStandalone.Extensions.dll
Registered in 0.001731 seconds.
Native extension for WindowsStandalone target not found
Native extension for WebGL target not found
Refreshing native plugins compatible for Editor in 55.67 ms, found 2 plugins.
Preloading 0 native plugins for Editor in 0.00 ms.
Mono: successfully reloaded assembly
- Completed reload, in  4.603 seconds
Domain Reload Profiling:
	ReloadAssembly (4603ms)
		BeginReloadAssembly (66ms)
			ExecutionOrderSort (0ms)
			DisableScriptedObjects (0ms)
			BackupInstance (0ms)
			ReleaseScriptingObjects (0ms)
			CreateAndSetChildDomain (1ms)
		EndReloadAssembly (615ms)
			LoadAssemblies (64ms)
			RebuildTransferFunctionScriptingTraits (0ms)
			SetupTypeCache (288ms)
			ReleaseScriptCaches (0ms)
			RebuildScriptCaches (39ms)
			SetupLoadedEditorAssemblies (239ms)
				LogAssemblyErrors (0ms)
				InitializePlatformSupportModulesInManaged (6ms)
				SetLoadedEditorAssemblies (0ms)
				RefreshPlugins (56ms)
				BeforeProcessingInitializeOnLoad (2ms)
				ProcessInitializeOnLoadAttributes (124ms)
				ProcessInitializeOnLoadMethodAttributes (51ms)
				AfterProcessingInitializeOnLoad (0ms)
				EditorAssembliesLoaded (0ms)
			ExecutionOrderSort2 (0ms)
			AwakeInstancesAfterBackupRestoration (0ms)
Platform modules already initialized, skipping
Registering precompiled user dll's ...
Registered in 0.106028 seconds.
Begin MonoManager ReloadAssembly
Native extension for WindowsStandalone target not found
Native extension for WebGL target not found
Refreshing native plugins compatible for Editor in 0.73 ms, found 2 plugins.
Preloading 0 native plugins for Editor in 0.00 ms.
Mono: successfully reloaded assembly
- Completed reload, in  1.619 seconds
Domain Reload Profiling:
	ReloadAssembly (1619ms)
		BeginReloadAssembly (170ms)
			ExecutionOrderSort (0ms)
			DisableScriptedObjects (4ms)
			BackupInstance (0ms)
			ReleaseScriptingObjects (0ms)
			CreateAndSetChildDomain (27ms)
		EndReloadAssembly (1381ms)
			LoadAssemblies (108ms)
			RebuildTransferFunctionScriptingTraits (0ms)
			SetupTypeCache (352ms)
			ReleaseScriptCaches (0ms)
			RebuildScriptCaches (83ms)
			SetupLoadedEditorAssemblies (729ms)
				LogAssemblyErrors (0ms)
				InitializePlatformSupportModulesInManaged (6ms)
				SetLoadedEditorAssemblies (0ms)
				RefreshPlugins (1ms)
				BeforeProcessingInitializeOnLoad (66ms)
				ProcessInitializeOnLoadAttributes (578ms)
				ProcessInitializeOnLoadMethodAttributes (73ms)
				AfterProcessingInitializeOnLoad (5ms)
				EditorAssembliesLoaded (0ms)
			ExecutionOrderSort2 (0ms)
			AwakeInstancesAfterBackupRestoration (7ms)
Platform modules already initialized, skipping
========================================================================
Worker process is ready to serve import requests
Launched and connected shader compiler UnityShaderCompiler.exe after 0.14 seconds
Refreshing native plugins compatible for Editor in 1.46 ms, found 2 plugins.
Preloading 0 native plugins for Editor in 0.00 ms.
Unloading 2358 Unused Serialized files (Serialized files now loaded: 0)
System memory in use before: 100.9 MB.
System memory in use after: 101.1 MB.

Unloading 66 unused Assets to reduce memory usage. Loaded Objects now: 2775.
Total: 6.947400 ms (FindLiveObjects: 0.187000 ms CreateObjectMapping: 0.083500 ms MarkObjects: 6.593100 ms  DeleteObjects: 0.082400 ms)

AssetImportParameters requested are different than current active one (requested -> active):
  custom:framework-win-MediaFoundation: 216162199b28c13a410421893ffa2e32 -> 
  custom:video-decoder-ogg-theora: a1e56fd34408186e4bbccfd4996cb3dc -> 
  custom:container-muxer-webm: aa71ff27fc2769a1b78a27578f13a17b -> 
  custom:container-demuxer-webm: 4f35f7cbe854078d1ac9338744f61a02 -> 
  custom:container-demuxer-ogg: 62fdf1f143b41e24485cea50d1cbac27 -> 
  custom:video-encoder-webm-vp8: eb34c28f22e8b96e1ab97ce403110664 -> 
  custom:video-decoder-webm-vp8: 9c59270c3fd7afecdb556c50c9e8de78 -> 
  custom:audio-decoder-ogg-vorbis: bf7c407c2cedff20999df2af8eb42d56 -> 
  custom:audio-encoder-webm-vorbis: bf7c407c2cedff20999df2af8eb42d56 -> 
========================================================================
Received Import Request.
  path: Assets/Standard Assets/CrossPlatformInput/Sprites/ButtonBrakeUpSprite.png
  artifactKey: Guid(827c9cd4a3943534f909ac6473e17288) Importer(815301076,1909f56bfc062723c751e8b465ee728b)
Start importing Assets/Standard Assets/CrossPlatformInput/Sprites/ButtonBrakeUpSprite.png using Guid(827c9cd4a3943534f909ac6473e17288) Importer(815301076,1909f56bfc062723c751e8b465ee728b)  -> (artifact id: '07a7b59edfad6e9d565c7918ca15633e') in 0.124928 seconds 
========================================================================
Received Import Request.
  Time since last request: 0.000223 seconds.
  path: Assets/Standard Assets/CrossPlatformInput/Sprites/ButtonAcceleratorUpSprite.png
  artifactKey: Guid(f588d850485d0ae479d73cf3bd0b7b00) Importer(815301076,1909f56bfc062723c751e8b465ee728b)
Start importing Assets/Standard Assets/CrossPlatformInput/Sprites/ButtonAcceleratorUpSprite.png using Guid(f588d850485d0ae479d73cf3bd0b7b00) Importer(815301076,1909f56bfc062723c751e8b465ee728b)  -> (artifact id: '520dfce11da4f9c223cd195f6065fe59') in 0.029032 seconds 
========================================================================
Received Import Request.
  Time since last request: 0.000249 seconds.
  path: Assets/Sprites/RedRunner/Enemies/Spike_Up.png
  artifactKey: Guid(27ff70cc22b6f634789799813e525b8d) Importer(815301076,1909f56bfc062723c751e8b465ee728b)
Start importing Assets/Sprites/RedRunner/Enemies/Spike_Up.png using Guid(27ff70cc22b6f634789799813e525b8d) Importer(815301076,1909f56bfc062723c751e8b465ee728b)  -> (artifact id: 'b4109d1885badf80d435de00ccdb11c9') in 0.030529 seconds 
========================================================================
Received Import Request.
  Time since last request: 0.000277 seconds.
  path: Assets/Sprites/RedRunner/Pattern/Mace Pattern.png
  artifactKey: Guid(261f21b0ebcc29d4e89473190c339216) Importer(815301076,1909f56bfc062723c751e8b465ee728b)
Start importing Assets/Sprites/RedRunner/Pattern/Mace Pattern.png using Guid(261f21b0ebcc29d4e89473190c339216) Importer(815301076,1909f56bfc062723c751e8b465ee728b)  -> (artifact id: '75be7a21a312b356453d70a57700f6c5') in 0.035878 seconds 
========================================================================
Received Import Request.
  Time since last request: 0.000245 seconds.
  path: Assets/SaveGameFree/PressKit/Unity Package Key Images - Large-01.png
  artifactKey: Guid(182673c593d83234b897aa5d3079f421) Importer(815301076,1909f56bfc062723c751e8b465ee728b)
Start importing Assets/SaveGameFree/PressKit/Unity Package Key Images - Large-01.png using Guid(182673c593d83234b897aa5d3079f421) Importer(815301076,1909f56bfc062723c751e8b465ee728b)  -> (artifact id: 'a6790542c9f22b7d220753412f76fc21') in 0.039116 seconds 
========================================================================
Received Import Request.
  Time since last request: 0.000205 seconds.
  path: Assets/Sprites/RedRunner/Enemies/Pupil 256.png
  artifactKey: Guid(938e3cde8520abb4a956177d9dd82f58) Importer(815301076,1909f56bfc062723c751e8b465ee728b)
Start importing Assets/Sprites/RedRunner/Enemies/Pupil 256.png using Guid(938e3cde8520abb4a956177d9dd82f58) Importer(815301076,1909f56bfc062723c751e8b465ee728b)  -> (artifact id: '0e0b1204ed6c0a59b3a2e9318c7a600c') in 0.022253 seconds 
========================================================================
Received Import Request.
  Time since last request: 0.000194 seconds.
  path: Assets/Standard Assets/CrossPlatformInput/Sprites/ButtonThumbstickOverSprite.png
  artifactKey: Guid(5485e2f56028a3c4cb54f5caa167377e) Importer(815301076,1909f56bfc062723c751e8b465ee728b)
Start importing Assets/Standard Assets/CrossPlatformInput/Sprites/ButtonThumbstickOverSprite.png using Guid(5485e2f56028a3c4cb54f5caa167377e) Importer(815301076,1909f56bfc062723c751e8b465ee728b)  -> (artifact id: 'f1384688e0fc270b5b13f56c139887b9') in 0.037668 seconds 
========================================================================
Received Import Request.
  Time since last request: 0.000207 seconds.
  path: Assets/Sprites/RedRunner/Enemies/Spike_Up 1.png
  artifactKey: Guid(09e9e06bc6848ce40bee67ab1abdc1ee) Importer(815301076,1909f56bfc062723c751e8b465ee728b)
Start importing Assets/Sprites/RedRunner/Enemies/Spike_Up 1.png using Guid(09e9e06bc6848ce40bee67ab1abdc1ee) Importer(815301076,1909f56bfc062723c751e8b465ee728b)  -> (artifact id: '884f289b8df3d1e39cc213d98738bb47') in 0.024990 seconds 
========================================================================
Received Import Request.
  Time since last request: 0.000202 seconds.
  path: Assets/Sprites/RedRunner/Enemies/Mac 256.png
  artifactKey: Guid(a1cb5820ebe14c1429e7d275167b6819) Importer(815301076,1909f56bfc062723c751e8b465ee728b)
Start importing Assets/Sprites/RedRunner/Enemies/Mac 256.png using Guid(a1cb5820ebe14c1429e7d275167b6819) Importer(815301076,1909f56bfc062723c751e8b465ee728b)  -> (artifact id: '292c263188fca7cb5da94174d00746c2') in 0.021967 seconds 
========================================================================
Received Import Request.
  Time since last request: 0.000194 seconds.
  path: Assets/Sprites/RedRunner/Characters/Red/Right Foot.png
  artifactKey: Guid(e1641d11779b00f419996ee6dfe775d0) Importer(815301076,1909f56bfc062723c751e8b465ee728b)
Start importing Assets/Sprites/RedRunner/Characters/Red/Right Foot.png using Guid(e1641d11779b00f419996ee6dfe775d0) Importer(815301076,1909f56bfc062723c751e8b465ee728b)  -> (artifact id: 'a5bb95bb459801802f025a11a9da94e5') in 0.024932 seconds 
========================================================================
Received Import Request.
  Time since last request: 0.000234 seconds.
  path: Assets/Sprites/RedRunner/Pattern/Red Pattern.png
  artifactKey: Guid(779a00e3753e6da43bc5fbbf2dd88a48) Importer(815301076,1909f56bfc062723c751e8b465ee728b)
Start importing Assets/Sprites/RedRunner/Pattern/Red Pattern.png using Guid(779a00e3753e6da43bc5fbbf2dd88a48) Importer(815301076,1909f56bfc062723c751e8b465ee728b)  -> (artifact id: '8dbea65607b1699e44522f5f0c6fd5f5') in 0.027529 seconds 
========================================================================
Received Import Request.
  Time since last request: 0.000203 seconds.
  path: Assets/Sprites/RedRunner/Characters/Red/Left Hand.png
  artifactKey: Guid(3f1d3736112e18145af0741cff9c9506) Importer(815301076,1909f56bfc062723c751e8b465ee728b)
Start importing Assets/Sprites/RedRunner/Characters/Red/Left Hand.png using Guid(3f1d3736112e18145af0741cff9c9506) Importer(815301076,1909f56bfc062723c751e8b465ee728b)  -> (artifact id: '3853f14b5efb446c51f9431477f3f95c') in 0.039218 seconds 
========================================================================
Received Import Request.
  Time since last request: 0.000187 seconds.
  path: Assets/Standard Assets/CrossPlatformInput/Sprites/ButtonTimescaleFullUpSprite.png
  artifactKey: Guid(0c6271a290ef75b4c97d58746c86c5b8) Importer(815301076,1909f56bfc062723c751e8b465ee728b)
Start importing Assets/Standard Assets/CrossPlatformInput/Sprites/ButtonTimescaleFullUpSprite.png using Guid(0c6271a290ef75b4c97d58746c86c5b8) Importer(815301076,1909f56bfc062723c751e8b465ee728b)  -> (artifact id: '08434e3809267b3c1fa2d463aedbf4c8') in 0.023101 seconds 
========================================================================
Received Import Request.
  Time since last request: 0.000157 seconds.
  path: Assets/Sprites/RedRunner/Background/Near Bottom Cloud-0۱.png
  artifactKey: Guid(de7df00ef5e31b0479c48d4781dc569b) Importer(815301076,1909f56bfc062723c751e8b465ee728b)
Start importing Assets/Sprites/RedRunner/Background/Near Bottom Cloud-0۱.png using Guid(de7df00ef5e31b0479c48d4781dc569b) Importer(815301076,1909f56bfc062723c751e8b465ee728b)  -> (artifact id: '03c228f6cc7aa8631c534cb7cf43212f') in 0.028616 seconds 
========================================================================
Received Import Request.
  Time since last request: 0.000418 seconds.
  path: Assets/Standard Assets/CrossPlatformInput/Sprites/ButtonSpacebarSprite.png
  artifactKey: Guid(3d8675433a508ec47b8f895201eacf20) Importer(815301076,1909f56bfc062723c751e8b465ee728b)
Start importing Assets/Standard Assets/CrossPlatformInput/Sprites/ButtonSpacebarSprite.png using Guid(3d8675433a508ec47b8f895201eacf20) Importer(815301076,1909f56bfc062723c751e8b465ee728b)  -> (artifact id: 'c3b96bb203a99e691cd16929b2dace14') in 0.040477 seconds 
========================================================================
Received Import Request.
  Time since last request: 0.000169 seconds.
  path: Assets/Standard Assets/CrossPlatformInput/Sprites/ButtonBrakeOverSprite.png
  artifactKey: Guid(5b1a64ea234fb2343b8d0686c51280de) Importer(815301076,1909f56bfc062723c751e8b465ee728b)
Start importing Assets/Standard Assets/CrossPlatformInput/Sprites/ButtonBrakeOverSprite.png using Guid(5b1a64ea234fb2343b8d0686c51280de) Importer(815301076,1909f56bfc062723c751e8b465ee728b)  -> (artifact id: '49b5374f863d98d57b44be7e3ff7bc41') in 0.035497 seconds 
========================================================================
Received Import Request.
  Time since last request: 0.000202 seconds.
  path: Assets/Prefabs/Enemies/line 1.png
  artifactKey: Guid(0305bb873b7c7bf41bb205aa02f336dd) Importer(815301076,1909f56bfc062723c751e8b465ee728b)
Start importing Assets/Prefabs/Enemies/line 1.png using Guid(0305bb873b7c7bf41bb205aa02f336dd) Importer(815301076,1909f56bfc062723c751e8b465ee728b)  -> (artifact id: '2cf69f575fa60cef6dfd494f19f3c529') in 0.017505 seconds 
========================================================================
Received Import Request.
  Time since last request: 0.000236 seconds.
  path: Assets/Sprites/RedRunner/Characters/Red/Left Foot.png
  artifactKey: Guid(d35252ab21678864d81b4fad7dff9301) Importer(815301076,1909f56bfc062723c751e8b465ee728b)
Start importing Assets/Sprites/RedRunner/Characters/Red/Left Foot.png using Guid(d35252ab21678864d81b4fad7dff9301) Importer(815301076,1909f56bfc062723c751e8b465ee728b)  -> (artifact id: 'de9e0968cdb8ce05f2d6d201e5182712') in 0.026428 seconds 
========================================================================
Received Import Request.
  Time since last request: 0.000217 seconds.
  path: Assets/Sprites/RedRunner/Enemies/Spike_Down.png
  artifactKey: Guid(727e80c8aa3c39a448278dd21a2f8c38) Importer(815301076,1909f56bfc062723c751e8b465ee728b)
Start importing Assets/Sprites/RedRunner/Enemies/Spike_Down.png using Guid(727e80c8aa3c39a448278dd21a2f8c38) Importer(815301076,1909f56bfc062723c751e8b465ee728b)  -> (artifact id: '77a4d4932306360028e3e3c594c03f74') in 0.021915 seconds 
========================================================================
Received Import Request.
  Time since last request: 0.000195 seconds.
  path: Assets/Standard Assets/CrossPlatformInput/Sprites/ButtonArrowUpSprite.png
  artifactKey: Guid(4db017495c69e8140a56a0e2b669e3f8) Importer(815301076,1909f56bfc062723c751e8b465ee728b)
Start importing Assets/Standard Assets/CrossPlatformInput/Sprites/ButtonArrowUpSprite.png using Guid(4db017495c69e8140a56a0e2b669e3f8) Importer(815301076,1909f56bfc062723c751e8b465ee728b)  -> (artifact id: '41a121bf4330c78fcac80c706ae88dcd') in 0.031806 seconds 
========================================================================
Received Import Request.
  Time since last request: 0.000187 seconds.
  path: Assets/Standard Assets/CrossPlatformInput/Sprites/ButtonAcceleratorOverSprite.png
  artifactKey: Guid(eb5f6e2757c821940b69cf1456f7865a) Importer(815301076,1909f56bfc062723c751e8b465ee728b)
Start importing Assets/Standard Assets/CrossPlatformInput/Sprites/ButtonAcceleratorOverSprite.png using Guid(eb5f6e2757c821940b69cf1456f7865a) Importer(815301076,1909f56bfc062723c751e8b465ee728b)  -> (artifact id: '39e5323d413ba1e4e000713ea2b7daf1') in 0.026234 seconds 
========================================================================
Received Import Request.
  Time since last request: 0.000298 seconds.
  path: Assets/Sprites/RedRunner/Pattern/Tree Pattern.png
  artifactKey: Guid(b7abed2bbc2eaf641a6ed29a7906fe18) Importer(815301076,1909f56bfc062723c751e8b465ee728b)
Start importing Assets/Sprites/RedRunner/Pattern/Tree Pattern.png using Guid(b7abed2bbc2eaf641a6ed29a7906fe18) Importer(815301076,1909f56bfc062723c751e8b465ee728b)  -> (artifact id: '87b407f368464f86290c5ef4a97b89f5') in 0.028928 seconds 
========================================================================
Received Import Request.
  Time since last request: 0.000181 seconds.
  path: Assets/Sprites/RedRunner/Enemies/Mace 1.png
  artifactKey: Guid(a4807d0704af78840b4cd7cf343f2ec3) Importer(815301076,1909f56bfc062723c751e8b465ee728b)
Start importing Assets/Sprites/RedRunner/Enemies/Mace 1.png using Guid(a4807d0704af78840b4cd7cf343f2ec3) Importer(815301076,1909f56bfc062723c751e8b465ee728b)  -> (artifact id: '8add231aa6ef448d44a8ab4f4f5e8cfe') in 0.065738 seconds 
========================================================================
Received Import Request.
  Time since last request: 0.000202 seconds.
  path: Assets/Sprites/RedRunner/GUI/Buttons/Space.png
  artifactKey: Guid(35e5d220f8cd6074c8de53e601c085ec) Importer(815301076,1909f56bfc062723c751e8b465ee728b)
Start importing Assets/Sprites/RedRunner/GUI/Buttons/Space.png using Guid(35e5d220f8cd6074c8de53e601c085ec) Importer(815301076,1909f56bfc062723c751e8b465ee728b)  -> (artifact id: 'a82d8e3d148db388e266e9893f415c5e') in 0.022643 seconds 
========================================================================
Received Import Request.
  Time since last request: 0.000512 seconds.
  path: Assets/Standard Assets/CrossPlatformInput/Sprites/TouchpadSprite.png
  artifactKey: Guid(e4f1fee3de32377429fd1348fae62b10) Importer(815301076,1909f56bfc062723c751e8b465ee728b)
Start importing Assets/Standard Assets/CrossPlatformInput/Sprites/TouchpadSprite.png using Guid(e4f1fee3de32377429fd1348fae62b10) Importer(815301076,1909f56bfc062723c751e8b465ee728b)  -> (artifact id: '3631664a585950c3de5a6715167bf5e2') in 0.027286 seconds 
========================================================================
Received Import Request.
  Time since last request: 0.000230 seconds.
  path: Assets/Sprites/RedRunner/Enemies/Pupil.png
  artifactKey: Guid(47d6fe684db0a3f43965797a5f5b4bed) Importer(815301076,1909f56bfc062723c751e8b465ee728b)
Start importing Assets/Sprites/RedRunner/Enemies/Pupil.png using Guid(47d6fe684db0a3f43965797a5f5b4bed) Importer(815301076,1909f56bfc062723c751e8b465ee728b)  -> (artifact id: '9b18bdd9d9660df96fb9ae403bddf1fd') in 0.024203 seconds 
========================================================================
Received Import Request.
  Time since last request: 0.000247 seconds.
  path: Assets/Sprites/RedRunner/GUI/Buttons/Shift.png
  artifactKey: Guid(4f12ade45eb31b6448f1c3074776219d) Importer(815301076,1909f56bfc062723c751e8b465ee728b)
Start importing Assets/Sprites/RedRunner/GUI/Buttons/Shift.png using Guid(4f12ade45eb31b6448f1c3074776219d) Importer(815301076,1909f56bfc062723c751e8b465ee728b)  -> (artifact id: '287e20c5a84b85699b2cb388d4a7c4c2') in 0.022314 seconds 
========================================================================
Received Import Request.
  Time since last request: 0.000203 seconds.
  path: Assets/Sprites/RedRunner/GUI/Buttons/Up Arrow Button.png
  artifactKey: Guid(fae3fd770976c364995dc1373c6ee0eb) Importer(815301076,1909f56bfc062723c751e8b465ee728b)
Start importing Assets/Sprites/RedRunner/GUI/Buttons/Up Arrow Button.png using Guid(fae3fd770976c364995dc1373c6ee0eb) Importer(815301076,1909f56bfc062723c751e8b465ee728b)  -> (artifact id: '3e745fec9a005ec979f46dd8a1198d9b') in 0.023757 seconds 
========================================================================
Received Import Request.
  Time since last request: 0.000224 seconds.
  path: Assets/SaveGameFree/PressKit/Unity Social Media Images - Facebook-01.png
  artifactKey: Guid(4c8a4c4e1df1741438dfc1b70bb9dbf3) Importer(815301076,1909f56bfc062723c751e8b465ee728b)
Start importing Assets/SaveGameFree/PressKit/Unity Social Media Images - Facebook-01.png using Guid(4c8a4c4e1df1741438dfc1b70bb9dbf3) Importer(815301076,1909f56bfc062723c751e8b465ee728b)  -> (artifact id: '13f87b44720ffbd51e0a2c28bc8d6ddb') in 0.051058 seconds 
========================================================================
Received Import Request.
  Time since last request: 0.000193 seconds.
  path: Assets/Sprites/RedRunner/Star/Star.png
  artifactKey: Guid(4692791f7d10a2f43bd33d37fc9faa1b) Importer(815301076,1909f56bfc062723c751e8b465ee728b)
Start importing Assets/Sprites/RedRunner/Star/Star.png using Guid(4692791f7d10a2f43bd33d37fc9faa1b) Importer(815301076,1909f56bfc062723c751e8b465ee728b)  -> (artifact id: '38c26828eb6a6a302d630938621056dc') in 0.022519 seconds 
========================================================================
Received Import Request.
  Time since last request: 0.000221 seconds.
  path: Assets/Sprites/RedRunner/Characters/Red/Left Arm.png
  artifactKey: Guid(5f12739e04ec5214a84f7325ddd81a41) Importer(815301076,1909f56bfc062723c751e8b465ee728b)
Start importing Assets/Sprites/RedRunner/Characters/Red/Left Arm.png using Guid(5f12739e04ec5214a84f7325ddd81a41) Importer(815301076,1909f56bfc062723c751e8b465ee728b)  -> (artifact id: '799e2c5f5fd90f725b021c6d0f2bf915') in 0.026120 seconds 
========================================================================
Received Import Request.
  Time since last request: 0.000368 seconds.
  path: Assets/Standard Assets/CrossPlatformInput/Sprites/SliderHandleSprite.png
  artifactKey: Guid(0626b924325d1c34cafa6b22297f4e4f) Importer(815301076,1909f56bfc062723c751e8b465ee728b)
Start importing Assets/Standard Assets/CrossPlatformInput/Sprites/SliderHandleSprite.png using Guid(0626b924325d1c34cafa6b22297f4e4f) Importer(815301076,1909f56bfc062723c751e8b465ee728b)  -> (artifact id: '419992baad63fd5f958cfd6e1c52035c') in 0.022054 seconds 
========================================================================
Received Import Request.
  Time since last request: 0.000134 seconds.
  path: Assets/Sprites/RedRunner/Enemies/Spike_Down 1.png
  artifactKey: Guid(20f7dc67110b5f24fbe0fa2d5707d356) Importer(815301076,1909f56bfc062723c751e8b465ee728b)
Start importing Assets/Sprites/RedRunner/Enemies/Spike_Down 1.png using Guid(20f7dc67110b5f24fbe0fa2d5707d356) Importer(815301076,1909f56bfc062723c751e8b465ee728b)  -> (artifact id: '5d6d7446cc0e5b01c48a2cae50b2fe14') in 0.024735 seconds 
========================================================================
Received Import Request.
  Time since last request: 0.000231 seconds.
  path: Assets/Sprites/RedRunner/Enemies/Spike_Left&Right 1.png
  artifactKey: Guid(aae5a6f2eb1652e40bdd3d52e829b6dd) Importer(815301076,1909f56bfc062723c751e8b465ee728b)
Start importing Assets/Sprites/RedRunner/Enemies/Spike_Left&Right 1.png using Guid(aae5a6f2eb1652e40bdd3d52e829b6dd) Importer(815301076,1909f56bfc062723c751e8b465ee728b)  -> (artifact id: '28c6563e3378bc46f10fb2b775c8dbca') in 0.024709 seconds 
========================================================================
Received Import Request.
  Time since last request: 0.000163 seconds.
  path: Assets/Sprites/RedRunner/Characters/Red/Right Hand.png
  artifactKey: Guid(4c2f28b9744b5984481959f1d96e5fbf) Importer(815301076,1909f56bfc062723c751e8b465ee728b)
Start importing Assets/Sprites/RedRunner/Characters/Red/Right Hand.png using Guid(4c2f28b9744b5984481959f1d96e5fbf) Importer(815301076,1909f56bfc062723c751e8b465ee728b)  -> (artifact id: 'ae69fc8c5e31de2e2fa8a57da4d9a3be') in 0.020045 seconds 
========================================================================
Received Import Request.
  Time since last request: 0.000183 seconds.
  path: Assets/SaveGameFree/PressKit/Unity Package Key Images - Icon-01.png
  artifactKey: Guid(24940c5d161f15d4dbbe4921b3677ac8) Importer(815301076,1909f56bfc062723c751e8b465ee728b)
Start importing Assets/SaveGameFree/PressKit/Unity Package Key Images - Icon-01.png using Guid(24940c5d161f15d4dbbe4921b3677ac8) Importer(815301076,1909f56bfc062723c751e8b465ee728b)  -> (artifact id: '0680495dfe71fe1b236cfffeba46ef52') in 0.026560 seconds 
========================================================================
Received Import Request.
  Time since last request: 0.000184 seconds.
  path: Assets/Sprites/RedRunner/Enemies/Spike_Left&Right 64.png
  artifactKey: Guid(64967c0db0619234ba0d8c6bcff074c7) Importer(815301076,1909f56bfc062723c751e8b465ee728b)
Start importing Assets/Sprites/RedRunner/Enemies/Spike_Left&Right 64.png using Guid(64967c0db0619234ba0d8c6bcff074c7) Importer(815301076,1909f56bfc062723c751e8b465ee728b)  -> (artifact id: '0400d059a21fcc3820c7eafb96ab78ef') in 0.022851 seconds 
========================================================================
Received Import Request.
  Time since last request: 0.000170 seconds.
  path: Assets/SaveGameFree/PressKit/Unity Package Key Images - Small-01.png
  artifactKey: Guid(b6333aad48953834c910d18eb46d5fea) Importer(815301076,1909f56bfc062723c751e8b465ee728b)
Start importing Assets/SaveGameFree/PressKit/Unity Package Key Images - Small-01.png using Guid(b6333aad48953834c910d18eb46d5fea) Importer(815301076,1909f56bfc062723c751e8b465ee728b)  -> (artifact id: '841e83722e0213ec469ca7e39398c8dd') in 0.025385 seconds 
========================================================================
Received Import Request.
  Time since last request: 0.000251 seconds.
  path: Assets/Sprites/RedRunner/Enemies/Mace Smile.png
  artifactKey: Guid(cb7c78a6b8a7e8740a423907a3097a7a) Importer(815301076,1909f56bfc062723c751e8b465ee728b)
Start importing Assets/Sprites/RedRunner/Enemies/Mace Smile.png using Guid(cb7c78a6b8a7e8740a423907a3097a7a) Importer(815301076,1909f56bfc062723c751e8b465ee728b)  -> (artifact id: '57db087e2fb11e422d333076d92dc812') in 0.043043 seconds 
========================================================================
Received Import Request.
  Time since last request: 0.000180 seconds.
  path: Assets/Prefabs/Enemies/Line 256.png
  artifactKey: Guid(a8853aedf5ea2624daab3817ae96f1d9) Importer(815301076,1909f56bfc062723c751e8b465ee728b)
Start importing Assets/Prefabs/Enemies/Line 256.png using Guid(a8853aedf5ea2624daab3817ae96f1d9) Importer(815301076,1909f56bfc062723c751e8b465ee728b)  -> (artifact id: '437ec7395bf936dfba1fc9b30f5f854d') in 0.023927 seconds 
========================================================================
Received Import Request.
  Time since last request: 0.000157 seconds.
  path: Assets/Standard Assets/CrossPlatformInput/Sprites/ButtonTimescaleSlowUpSprite.png
  artifactKey: Guid(9d7c6e4896067aa4fa512a00f692ac1c) Importer(815301076,1909f56bfc062723c751e8b465ee728b)
Start importing Assets/Standard Assets/CrossPlatformInput/Sprites/ButtonTimescaleSlowUpSprite.png using Guid(9d7c6e4896067aa4fa512a00f692ac1c) Importer(815301076,1909f56bfc062723c751e8b465ee728b)  -> (artifact id: '10fca356077b694424142251bf88f2af') in 0.023843 seconds 
========================================================================
Received Import Request.
  Time since last request: 0.000188 seconds.
  path: Assets/Standard Assets/CrossPlatformInput/Sprites/ButtonArrowOverSprite.png
  artifactKey: Guid(49b611e658efbf443b686a4036f74fe3) Importer(815301076,1909f56bfc062723c751e8b465ee728b)
Start importing Assets/Standard Assets/CrossPlatformInput/Sprites/ButtonArrowOverSprite.png using Guid(49b611e658efbf443b686a4036f74fe3) Importer(815301076,1909f56bfc062723c751e8b465ee728b)  -> (artifact id: '5e40b15c39c95413db8222444d146be1') in 0.034502 seconds 
========================================================================
Received Import Request.
  Time since last request: 0.000184 seconds.
  path: Assets/Standard Assets/CrossPlatformInput/Sprites/SliderBackgroundSprite.png
  artifactKey: Guid(ea5873cfd9158664f89459f0c9e1d853) Importer(815301076,1909f56bfc062723c751e8b465ee728b)
Start importing Assets/Standard Assets/CrossPlatformInput/Sprites/SliderBackgroundSprite.png using Guid(ea5873cfd9158664f89459f0c9e1d853) Importer(815301076,1909f56bfc062723c751e8b465ee728b)  -> (artifact id: '47192d23d2a7889093901fc96e252aa3') in 0.023408 seconds 
========================================================================
Received Import Request.
  Time since last request: 0.000163 seconds.
  path: Assets/Sprites/RedRunner/Enemies/Saw.png
  artifactKey: Guid(a656e4783601b0243b989af30a158388) Importer(815301076,1909f56bfc062723c751e8b465ee728b)
Start importing Assets/Sprites/RedRunner/Enemies/Saw.png using Guid(a656e4783601b0243b989af30a158388) Importer(815301076,1909f56bfc062723c751e8b465ee728b)  -> (artifact id: '73a0cd2d6e3e59f182ab9e2656813c27') in 0.027288 seconds 
========================================================================
Received Import Request.
  Time since last request: 0.000179 seconds.
  path: Assets/Sprites/RedRunner/Enemies/Mace.png
  artifactKey: Guid(21f7568e91c884247aa9b1ac2fc28d88) Importer(815301076,1909f56bfc062723c751e8b465ee728b)
Start importing Assets/Sprites/RedRunner/Enemies/Mace.png using Guid(21f7568e91c884247aa9b1ac2fc28d88) Importer(815301076,1909f56bfc062723c751e8b465ee728b)  -> (artifact id: 'c5139ddc3bcbb5beafebad4b8c704b5e') in 0.049887 seconds 
========================================================================
Received Import Request.
  Time since last request: 0.000168 seconds.
  path: Assets/Sprites/RedRunner/Smoke/Smoke 32.png
  artifactKey: Guid(4e59a218608f7f2458022e95a4c065c3) Importer(815301076,1909f56bfc062723c751e8b465ee728b)
Start importing Assets/Sprites/RedRunner/Smoke/Smoke 32.png using Guid(4e59a218608f7f2458022e95a4c065c3) Importer(815301076,1909f56bfc062723c751e8b465ee728b)  -> (artifact id: '8c9841cd46c6a560f04031c3f3de8691') in 0.019082 seconds 
========================================================================
Received Import Request.
  Time since last request: 0.000228 seconds.
  path: Assets/Standard Assets/CrossPlatformInput/Sprites/ButtonThumbstickUpSprite.png
  artifactKey: Guid(9866a92691696b346901281f2b329034) Importer(815301076,1909f56bfc062723c751e8b465ee728b)
Start importing Assets/Standard Assets/CrossPlatformInput/Sprites/ButtonThumbstickUpSprite.png using Guid(9866a92691696b346901281f2b329034) Importer(815301076,1909f56bfc062723c751e8b465ee728b)  -> (artifact id: '12d31cef1b5e574051ea1d0adcb3cb74') in 0.035577 seconds 
========================================================================
Received Import Request.
  Time since last request: 0.000172 seconds.
  path: Assets/Sprites/RedRunner/Water/Water Drop.png
  artifactKey: Guid(d20f07e597d1c2e47a2ca5abe7eaf695) Importer(815301076,1909f56bfc062723c751e8b465ee728b)
Start importing Assets/Sprites/RedRunner/Water/Water Drop.png using Guid(d20f07e597d1c2e47a2ca5abe7eaf695) Importer(815301076,1909f56bfc062723c751e8b465ee728b)  -> (artifact id: '447491444a3f477d219e03f0f0dff248') in 0.018700 seconds 
========================================================================
Received Import Request.
  Time since last request: 0.000183 seconds.
  path: Assets/Standard Assets/CrossPlatformInput/Sprites/ButtonResetSprite.png
  artifactKey: Guid(a94c9a7eb94ceec4a8d67a1890e22e51) Importer(815301076,1909f56bfc062723c751e8b465ee728b)
Start importing Assets/Standard Assets/CrossPlatformInput/Sprites/ButtonResetSprite.png using Guid(a94c9a7eb94ceec4a8d67a1890e22e51) Importer(815301076,1909f56bfc062723c751e8b465ee728b)  -> (artifact id: 'c6ce5e1f806b32fe3bd2ce14c84834ee') in 0.026981 seconds 
========================================================================
Received Import Request.
  Time since last request: 0.001369 seconds.
  path: Assets/Standard Assets/CrossPlatformInput/Sprites/ButtonCameraCycleUpSprite.png
  artifactKey: Guid(a3983c59ebf804b4abba687bd7c9e92f) Importer(815301076,1909f56bfc062723c751e8b465ee728b)
Start importing Assets/Standard Assets/CrossPlatformInput/Sprites/ButtonCameraCycleUpSprite.png using Guid(a3983c59ebf804b4abba687bd7c9e92f) Importer(815301076,1909f56bfc062723c751e8b465ee728b)  -> (artifact id: 'ffdd677a63d211b58553da1ff089ab1d') in 0.043835 seconds 
========================================================================
Received Import Request.
  Time since last request: 0.000223 seconds.
  path: Assets/Sprites/RedRunner/Enemies/Saw 256.png
  artifactKey: Guid(c659f9470d5428841bc491e8b4789e33) Importer(815301076,1909f56bfc062723c751e8b465ee728b)
Start importing Assets/Sprites/RedRunner/Enemies/Saw 256.png using Guid(c659f9470d5428841bc491e8b4789e33) Importer(815301076,1909f56bfc062723c751e8b465ee728b)  -> (artifact id: 'fddcce7eb62c32eea0cf94287fd05d35') in 0.025726 seconds 
========================================================================
Received Import Request.
  Time since last request: 0.000169 seconds.
  path: Assets/Sprites/RedRunner/GUI/Buttons/Right Arrow Button.png
  artifactKey: Guid(fb1f8f849bd30284a99c856b719a1508) Importer(815301076,1909f56bfc062723c751e8b465ee728b)
Start importing Assets/Sprites/RedRunner/GUI/Buttons/Right Arrow Button.png using Guid(fb1f8f849bd30284a99c856b719a1508) Importer(815301076,1909f56bfc062723c751e8b465ee728b)  -> (artifact id: '4fa71bfeaba59becd2fee2ab62a344f0') in 0.024183 seconds 
========================================================================
Received Import Request.
  Time since last request: 0.000190 seconds.
  path: Assets/Sprites/RedRunner/Characters/Red/Right Arm.png
  artifactKey: Guid(1f792f3efb6ab754985a7cd8cf2d07c8) Importer(815301076,1909f56bfc062723c751e8b465ee728b)
Start importing Assets/Sprites/RedRunner/Characters/Red/Right Arm.png using Guid(1f792f3efb6ab754985a7cd8cf2d07c8) Importer(815301076,1909f56bfc062723c751e8b465ee728b)  -> (artifact id: 'a44a9956150e2ffd8d3671726b22682a') in 0.022376 seconds 
========================================================================
Received Import Request.
  Time since last request: 0.000189 seconds.
  path: Assets/Sprites/RedRunner/Enemies/Spike_Left&Right.png
  artifactKey: Guid(df343ff57d074aa4fae72cee67840dbf) Importer(815301076,1909f56bfc062723c751e8b465ee728b)
Start importing Assets/Sprites/RedRunner/Enemies/Spike_Left&Right.png using Guid(df343ff57d074aa4fae72cee67840dbf) Importer(815301076,1909f56bfc062723c751e8b465ee728b)  -> (artifact id: '44ba4b4340e35244f889658134866771') in 0.023123 seconds 
========================================================================
Received Prepare
Registering precompiled user dll's ...
Registered in 0.008236 seconds.
Begin MonoManager ReloadAssembly
Native extension for WindowsStandalone target not found
Native extension for WebGL target not found
Refreshing native plugins compatible for Editor in 0.69 ms, found 2 plugins.
Preloading 0 native plugins for Editor in 0.00 ms.
Mono: successfully reloaded assembly
- Completed reload, in  1.244 seconds
Domain Reload Profiling:
	ReloadAssembly (1244ms)
		BeginReloadAssembly (134ms)
			ExecutionOrderSort (0ms)
			DisableScriptedObjects (6ms)
			BackupInstance (0ms)
			ReleaseScriptingObjects (0ms)
			CreateAndSetChildDomain (46ms)
		EndReloadAssembly (1056ms)
			LoadAssemblies (89ms)
			RebuildTransferFunctionScriptingTraits (0ms)
			SetupTypeCache (303ms)
			ReleaseScriptCaches (1ms)
			RebuildScriptCaches (58ms)
			SetupLoadedEditorAssemblies (478ms)
				LogAssemblyErrors (0ms)
				InitializePlatformSupportModulesInManaged (6ms)
				SetLoadedEditorAssemblies (0ms)
				RefreshPlugins (1ms)
				BeforeProcessingInitializeOnLoad (76ms)
				ProcessInitializeOnLoadAttributes (335ms)
				ProcessInitializeOnLoadMethodAttributes (57ms)
				AfterProcessingInitializeOnLoad (4ms)
				EditorAssembliesLoaded (0ms)
			ExecutionOrderSort2 (0ms)
			AwakeInstancesAfterBackupRestoration (21ms)
Platform modules already initialized, skipping
Refreshing native plugins compatible for Editor in 0.67 ms, found 2 plugins.
Preloading 0 native plugins for Editor in 0.00 ms.
Unloading 2377 Unused Serialized files (Serialized files now loaded: 0)
System memory in use before: 133.0 MB.
System memory in use after: 133.2 MB.

Unloading 57 unused Assets to reduce memory usage. Loaded Objects now: 3645.
Total: 7.471600 ms (FindLiveObjects: 0.245200 ms CreateObjectMapping: 0.081400 ms MarkObjects: 7.111200 ms  DeleteObjects: 0.032400 ms)

AssetImportParameters requested are different than current active one (requested -> active):
  custom:framework-win-MediaFoundation: 216162199b28c13a410421893ffa2e32 -> 
  custom:video-decoder-ogg-theora: a1e56fd34408186e4bbccfd4996cb3dc -> 
  custom:container-muxer-webm: aa71ff27fc2769a1b78a27578f13a17b -> 
  custom:container-demuxer-webm: 4f35f7cbe854078d1ac9338744f61a02 -> 
  custom:container-demuxer-ogg: 62fdf1f143b41e24485cea50d1cbac27 -> 
  custom:video-encoder-webm-vp8: eb34c28f22e8b96e1ab97ce403110664 -> 
  custom:video-decoder-webm-vp8: 9c59270c3fd7afecdb556c50c9e8de78 -> 
  custom:audio-decoder-ogg-vorbis: bf7c407c2cedff20999df2af8eb42d56 -> 
  custom:audio-encoder-webm-vorbis: bf7c407c2cedff20999df2af8eb42d56 -> 
========================================================================
Received Prepare
Registering precompiled user dll's ...
Registered in 0.006449 seconds.
Begin MonoManager ReloadAssembly
Native extension for WindowsStandalone target not found
Native extension for WebGL target not found
Refreshing native plugins compatible for Editor in 0.73 ms, found 2 plugins.
Preloading 0 native plugins for Editor in 0.00 ms.
Mono: successfully reloaded assembly
- Completed reload, in  1.382 seconds
Domain Reload Profiling:
	ReloadAssembly (1382ms)
		BeginReloadAssembly (125ms)
			ExecutionOrderSort (0ms)
			DisableScriptedObjects (12ms)
			BackupInstance (0ms)
			ReleaseScriptingObjects (0ms)
			CreateAndSetChildDomain (40ms)
		EndReloadAssembly (1190ms)
			LoadAssemblies (95ms)
			RebuildTransferFunctionScriptingTraits (0ms)
			SetupTypeCache (349ms)
			ReleaseScriptCaches (1ms)
			RebuildScriptCaches (56ms)
			SetupLoadedEditorAssemblies (555ms)
				LogAssemblyErrors (0ms)
				InitializePlatformSupportModulesInManaged (6ms)
				SetLoadedEditorAssemblies (0ms)
				RefreshPlugins (1ms)
				BeforeProcessingInitializeOnLoad (69ms)
				ProcessInitializeOnLoadAttributes (405ms)
				ProcessInitializeOnLoadMethodAttributes (70ms)
				AfterProcessingInitializeOnLoad (4ms)
				EditorAssembliesLoaded (0ms)
			ExecutionOrderSort2 (0ms)
			AwakeInstancesAfterBackupRestoration (30ms)
Platform modules already initialized, skipping
Refreshing native plugins compatible for Editor in 0.71 ms, found 2 plugins.
Preloading 0 native plugins for Editor in 0.00 ms.
Unloading 2323 Unused Serialized files (Serialized files now loaded: 0)
System memory in use before: 130.7 MB.
System memory in use after: 131.0 MB.

Unloading 57 unused Assets to reduce memory usage. Loaded Objects now: 3648.
Total: 6.116600 ms (FindLiveObjects: 0.251700 ms CreateObjectMapping: 0.190300 ms MarkObjects: 5.641300 ms  DeleteObjects: 0.032300 ms)

AssetImportParameters requested are different than current active one (requested -> active):
  custom:framework-win-MediaFoundation: 216162199b28c13a410421893ffa2e32 -> 
  custom:video-decoder-ogg-theora: a1e56fd34408186e4bbccfd4996cb3dc -> 
  custom:container-muxer-webm: aa71ff27fc2769a1b78a27578f13a17b -> 
  custom:container-demuxer-webm: 4f35f7cbe854078d1ac9338744f61a02 -> 
  custom:container-demuxer-ogg: 62fdf1f143b41e24485cea50d1cbac27 -> 
  custom:video-encoder-webm-vp8: eb34c28f22e8b96e1ab97ce403110664 -> 
  custom:video-decoder-webm-vp8: 9c59270c3fd7afecdb556c50c9e8de78 -> 
  custom:audio-decoder-ogg-vorbis: bf7c407c2cedff20999df2af8eb42d56 -> 
  custom:audio-encoder-webm-vorbis: bf7c407c2cedff20999df2af8eb42d56 -> 
========================================================================
Received Prepare
Registering precompiled user dll's ...
Registered in 0.010515 seconds.
Begin MonoManager ReloadAssembly
Native extension for WindowsStandalone target not found
Native extension for WebGL target not found
Refreshing native plugins compatible for Editor in 1.24 ms, found 2 plugins.
Preloading 0 native plugins for Editor in 0.00 ms.
Mono: successfully reloaded assembly
- Completed reload, in  1.252 seconds
Domain Reload Profiling:
	ReloadAssembly (1252ms)
		BeginReloadAssembly (126ms)
			ExecutionOrderSort (0ms)
			DisableScriptedObjects (11ms)
			BackupInstance (0ms)
			ReleaseScriptingObjects (0ms)
			CreateAndSetChildDomain (48ms)
		EndReloadAssembly (1070ms)
			LoadAssemblies (88ms)
			RebuildTransferFunctionScriptingTraits (0ms)
			SetupTypeCache (333ms)
			ReleaseScriptCaches (1ms)
			RebuildScriptCaches (68ms)
			SetupLoadedEditorAssemblies (474ms)
				LogAssemblyErrors (0ms)
				InitializePlatformSupportModulesInManaged (6ms)
				SetLoadedEditorAssemblies (0ms)
				RefreshPlugins (1ms)
				BeforeProcessingInitializeOnLoad (73ms)
				ProcessInitializeOnLoadAttributes (327ms)
				ProcessInitializeOnLoadMethodAttributes (61ms)
				AfterProcessingInitializeOnLoad (5ms)
				EditorAssembliesLoaded (0ms)
			ExecutionOrderSort2 (0ms)
			AwakeInstancesAfterBackupRestoration (23ms)
Platform modules already initialized, skipping
Refreshing native plugins compatible for Editor in 0.67 ms, found 2 plugins.
Preloading 0 native plugins for Editor in 0.00 ms.
Unloading 2323 Unused Serialized files (Serialized files now loaded: 0)
System memory in use before: 130.8 MB.
System memory in use after: 131.0 MB.

Unloading 57 unused Assets to reduce memory usage. Loaded Objects now: 3651.
Total: 7.021500 ms (FindLiveObjects: 0.326900 ms CreateObjectMapping: 0.102300 ms MarkObjects: 6.549500 ms  DeleteObjects: 0.041700 ms)

AssetImportParameters requested are different than current active one (requested -> active):
  custom:framework-win-MediaFoundation: 216162199b28c13a410421893ffa2e32 -> 
  custom:video-decoder-ogg-theora: a1e56fd34408186e4bbccfd4996cb3dc -> 
  custom:container-muxer-webm: aa71ff27fc2769a1b78a27578f13a17b -> 
  custom:container-demuxer-webm: 4f35f7cbe854078d1ac9338744f61a02 -> 
  custom:container-demuxer-ogg: 62fdf1f143b41e24485cea50d1cbac27 -> 
  custom:video-encoder-webm-vp8: eb34c28f22e8b96e1ab97ce403110664 -> 
  custom:video-decoder-webm-vp8: 9c59270c3fd7afecdb556c50c9e8de78 -> 
  custom:audio-decoder-ogg-vorbis: bf7c407c2cedff20999df2af8eb42d56 -> 
  custom:audio-encoder-webm-vorbis: bf7c407c2cedff20999df2af8eb42d56 -> 
========================================================================
Received Prepare
Registering precompiled user dll's ...
Registered in 0.006425 seconds.
Begin MonoManager ReloadAssembly
Native extension for WindowsStandalone target not found
Native extension for WebGL target not found
Refreshing native plugins compatible for Editor in 0.69 ms, found 2 plugins.
Preloading 0 native plugins for Editor in 0.00 ms.
Mono: successfully reloaded assembly
- Completed reload, in  1.298 seconds
Domain Reload Profiling:
	ReloadAssembly (1298ms)
		BeginReloadAssembly (119ms)
			ExecutionOrderSort (0ms)
			DisableScriptedObjects (12ms)
			BackupInstance (0ms)
			ReleaseScriptingObjects (0ms)
			CreateAndSetChildDomain (39ms)
		EndReloadAssembly (1110ms)
			LoadAssemblies (98ms)
			RebuildTransferFunctionScriptingTraits (0ms)
			SetupTypeCache (315ms)
			ReleaseScriptCaches (1ms)
			RebuildScriptCaches (71ms)
			SetupLoadedEditorAssemblies (500ms)
				LogAssemblyErrors (0ms)
				InitializePlatformSupportModulesInManaged (5ms)
				SetLoadedEditorAssemblies (0ms)
				RefreshPlugins (1ms)
				BeforeProcessingInitializeOnLoad (82ms)
				ProcessInitializeOnLoadAttributes (343ms)
				ProcessInitializeOnLoadMethodAttributes (64ms)
				AfterProcessingInitializeOnLoad (4ms)
				EditorAssembliesLoaded (0ms)
			ExecutionOrderSort2 (0ms)
			AwakeInstancesAfterBackupRestoration (27ms)
Platform modules already initialized, skipping
Refreshing native plugins compatible for Editor in 0.72 ms, found 2 plugins.
Preloading 0 native plugins for Editor in 0.00 ms.
Unloading 2323 Unused Serialized files (Serialized files now loaded: 0)
System memory in use before: 130.8 MB.
System memory in use after: 131.0 MB.

Unloading 57 unused Assets to reduce memory usage. Loaded Objects now: 3654.
Total: 6.861300 ms (FindLiveObjects: 0.249600 ms CreateObjectMapping: 0.090500 ms MarkObjects: 6.487900 ms  DeleteObjects: 0.032000 ms)

AssetImportParameters requested are different than current active one (requested -> active):
  custom:framework-win-MediaFoundation: 216162199b28c13a410421893ffa2e32 -> 
  custom:video-decoder-ogg-theora: a1e56fd34408186e4bbccfd4996cb3dc -> 
  custom:container-muxer-webm: aa71ff27fc2769a1b78a27578f13a17b -> 
  custom:container-demuxer-webm: 4f35f7cbe854078d1ac9338744f61a02 -> 
  custom:container-demuxer-ogg: 62fdf1f143b41e24485cea50d1cbac27 -> 
  custom:video-encoder-webm-vp8: eb34c28f22e8b96e1ab97ce403110664 -> 
  custom:video-decoder-webm-vp8: 9c59270c3fd7afecdb556c50c9e8de78 -> 
  custom:audio-decoder-ogg-vorbis: bf7c407c2cedff20999df2af8eb42d56 -> 
  custom:audio-encoder-webm-vorbis: bf7c407c2cedff20999df2af8eb42d56 -> 
========================================================================
Received Import Request.
  Time since last request: 521.946639 seconds.
  path: Assets/Code/Examples/NFTExample.cs
  artifactKey: Guid(a370a01f664cc16439cfab9fc5918b01) Importer(815301076,1909f56bfc062723c751e8b465ee728b)
Start importing Assets/Code/Examples/NFTExample.cs using Guid(a370a01f664cc16439cfab9fc5918b01) Importer(815301076,1909f56bfc062723c751e8b465ee728b)  -> (artifact id: 'c59743c4fb1ed694d61d9f25746754c9') in 0.024039 seconds 
